<?xml version="1.0" encoding="UTF-8"?>
<!-- Generated by org.testng.reporters.JUnitReportReporter -->
<testsuite hostname="DESKTOP-RGRGGAD" failures="0" tests="1" name="com.tests.BaseClass" time="2.349" errors="0" timestamp="2024-11-26T00:13:08 IST" skipped="0">
  <testcase classname="com.tests.BaseClass" name="initializeDriver" time="2.349"/>
</testsuite> <!-- com.tests.BaseClass -->
