<?xml version="1.0" encoding="UTF-8"?>
<!-- Generated by org.testng.reporters.JUnitReportReporter -->
<testsuite hostname="DESKTOP-RGRGGAD" failures="0" tests="9" name="com.tests.test1" time="31.424" errors="0" timestamp="2024-11-27T14:16:19 IST" skipped="0">
  <testcase classname="com.tests.test1" name="homePage" time="2.568"/>
  <testcase classname="com.tests.test1" name="revenueCalculatorPage" time="10.261"/>
  <testcase classname="com.tests.test1" name="scrollToSliderSection" time="3.028"/>
  <testcase classname="com.tests.test1" name="adjustSlider" time="8.502"/>
  <testcase classname="com.tests.test1" name="updateTextField" time="0.749"/>
  <testcase classname="com.tests.test1" name="validateSliderValue" time="0.650"/>
  <testcase classname="com.tests.test1" name="selectCPTCodes" time="1.466"/>
  <testcase classname="com.tests.test1" name="validateSelectedTotalRecurringReimbursement" time="0.031"/>
  <testcase classname="com.tests.test1" name="validateAllTotalRecurringReimbursement" time="4.169"/>
</testsuite> <!-- com.tests.test1 -->
